INFO:root:Using device cuda:0, seed=1234, training on go_emotion dataset.
INFO:root:Using device cuda:0, seed=1234, training on go_emotion dataset.
INFO:root:train | loss: 22.3786 acc: 0.2036, f1: 0.2768
INFO:root:Training time for this epoch: 52.57
INFO:root:valid | loss: 37.8690 acc: 0.1238, f1: 0.1974, precision: 0.7591, recall: 0.1238
INFO:root:test | acc: 0.1200, f1: 0.1902, precision: 0.7599, recall: 0.1200
INFO:root:Inference time for this epoch: 7.38
INFO:root:[valid loss new low] test | acc: 0.1200, f1: 0.1902, recall: 0.1200, precision: 0.7599
INFO:root:[valid f1 new high] valid | acc: 0.1238, f1: 0.1974, recall: 0.1238, precision: 0.7591
 
INFO:root:[test f1 new high] test | acc: 0.1200, f1: 0.1902, recall: 0.1200, precision: 0.7599
 
INFO:root:[best] valid | acc: 0.1238, f1: 0.1974, recall: 0.1238, precision: 0.7591
         test | acc: 0.1200, f1: 0.1902, recall: 0.1200, precision: 0.7599
INFO:root:train | loss: 16.8197 acc: 0.3797, f1: 0.4240
INFO:root:Training time for this epoch: 54.42
INFO:root:valid | loss: 36.7542 acc: 0.1982, f1: 0.2844, precision: 0.6461, recall: 0.1982
INFO:root:test | acc: 0.1947, f1: 0.2831, precision: 0.6452, recall: 0.1947
INFO:root:Inference time for this epoch: 7.82
INFO:root:[valid loss new low] test | acc: 0.1947, f1: 0.2831, recall: 0.1947, precision: 0.6452
INFO:root:[valid f1 new high] valid | acc: 0.1982, f1: 0.2844, recall: 0.1982, precision: 0.6461
 
INFO:root:[test f1 new high] test | acc: 0.1947, f1: 0.2831, recall: 0.1947, precision: 0.6452
 
INFO:root:[best] valid | acc: 0.1982, f1: 0.2844, recall: 0.1982, precision: 0.6461
         test | acc: 0.1947, f1: 0.2831, recall: 0.1947, precision: 0.6452
INFO:root:train | loss: 13.8838 acc: 0.4778, f1: 0.5042
INFO:root:Training time for this epoch: 54.46
INFO:root:valid | loss: 39.0429 acc: 0.2175, f1: 0.3132, precision: 0.6405, recall: 0.2175
INFO:root:test | acc: 0.2138, f1: 0.3093, precision: 0.6466, recall: 0.2138
INFO:root:Inference time for this epoch: 7.13
INFO:root:[valid f1 new high] valid | acc: 0.2175, f1: 0.3132, recall: 0.2175, precision: 0.6405
 
INFO:root:[test f1 new high] test | acc: 0.2138, f1: 0.3093, recall: 0.2138, precision: 0.6466
 
INFO:root:[best] valid | acc: 0.2175, f1: 0.3132, recall: 0.2175, precision: 0.6405
         test | acc: 0.2138, f1: 0.3093, recall: 0.2138, precision: 0.6466
INFO:root:train | loss: 12.1261 acc: 0.5367, f1: 0.5546
INFO:root:Training time for this epoch: 52.07
INFO:root:valid | loss: 39.6492 acc: 0.2168, f1: 0.3081, precision: 0.6418, recall: 0.2168
INFO:root:test | acc: 0.2135, f1: 0.3060, precision: 0.6503, recall: 0.2135
INFO:root:Inference time for this epoch: 7.08
INFO:root:[best] valid | acc: 0.2175, f1: 0.3132, recall: 0.2175, precision: 0.6405
         test | acc: 0.2138, f1: 0.3093, recall: 0.2138, precision: 0.6466
INFO:root:train | loss: 10.5518 acc: 0.5883, f1: 0.6034
INFO:root:Training time for this epoch: 52.25
INFO:root:valid | loss: 40.5277 acc: 0.2175, f1: 0.3116, precision: 0.6071, recall: 0.2175
INFO:root:test | acc: 0.2105, f1: 0.3025, precision: 0.5970, recall: 0.2105
INFO:root:Inference time for this epoch: 7.17
INFO:root:[best] valid | acc: 0.2175, f1: 0.3132, recall: 0.2175, precision: 0.6405
         test | acc: 0.2138, f1: 0.3093, recall: 0.2138, precision: 0.6466
INFO:root:train | loss: 9.0355 acc: 0.6319, f1: 0.6453
INFO:root:Training time for this epoch: 52.77
INFO:root:valid | loss: 42.8014 acc: 0.2101, f1: 0.2980, precision: 0.5764, recall: 0.2101
INFO:root:test | acc: 0.2088, f1: 0.2991, precision: 0.5772, recall: 0.2088
INFO:root:Inference time for this epoch: 7.33
INFO:root:[best] valid | acc: 0.2175, f1: 0.3132, recall: 0.2175, precision: 0.6405
         test | acc: 0.2138, f1: 0.3093, recall: 0.2138, precision: 0.6466
INFO:root:train | loss: 7.7767 acc: 0.6725, f1: 0.6834
INFO:root:Training time for this epoch: 54.10
INFO:root:valid | loss: 43.5558 acc: 0.2135, f1: 0.3038, precision: 0.5841, recall: 0.2135
INFO:root:test | acc: 0.2088, f1: 0.2982, precision: 0.5769, recall: 0.2088
INFO:root:Inference time for this epoch: 7.34
INFO:root:[best] valid | acc: 0.2175, f1: 0.3132, recall: 0.2175, precision: 0.6405
         test | acc: 0.2138, f1: 0.3093, recall: 0.2138, precision: 0.6466
INFO:root:train | loss: 6.3383 acc: 0.7266, f1: 0.7348
INFO:root:Training time for this epoch: 52.45
INFO:root:valid | loss: 45.2865 acc: 0.2135, f1: 0.3033, precision: 0.5895, recall: 0.2135
INFO:root:test | acc: 0.2121, f1: 0.3048, precision: 0.5996, recall: 0.2121
INFO:root:Inference time for this epoch: 7.08
INFO:root:[best] valid | acc: 0.2175, f1: 0.3132, recall: 0.2175, precision: 0.6405
         test | acc: 0.2138, f1: 0.3093, recall: 0.2138, precision: 0.6466
INFO:root:train | loss: 5.2802 acc: 0.7623, f1: 0.7702
INFO:root:Training time for this epoch: 52.17
INFO:root:valid | loss: 46.8147 acc: 0.2020, f1: 0.2879, precision: 0.5727, recall: 0.2020
INFO:root:test | acc: 0.2054, f1: 0.2940, precision: 0.5846, recall: 0.2054
INFO:root:Inference time for this epoch: 7.03
INFO:root:[best] valid | acc: 0.2175, f1: 0.3132, recall: 0.2175, precision: 0.6405
         test | acc: 0.2138, f1: 0.3093, recall: 0.2138, precision: 0.6466
INFO:root:train | loss: 4.0849 acc: 0.8043, f1: 0.8111
INFO:root:Training time for this epoch: 51.87
INFO:root:valid | loss: 48.0133 acc: 0.2053, f1: 0.2940, precision: 0.5393, recall: 0.2053
INFO:root:test | acc: 0.2038, f1: 0.2928, precision: 0.5464, recall: 0.2038
INFO:root:Inference time for this epoch: 7.02
INFO:root:[best] valid | acc: 0.2175, f1: 0.3132, recall: 0.2175, precision: 0.6405
         test | acc: 0.2138, f1: 0.3093, recall: 0.2138, precision: 0.6466
INFO:root:Average training time: 52.91239483356476
INFO:root:Average inference time: 7.239807081222534
INFO:root:Using device cuda:0, seed=1234, training on go_emotion dataset.
INFO:root:train | loss: 18.1617 acc: 0.4083, f1: 0.4357
INFO:root:Training time for this epoch: 150.31
INFO:root:valid | loss: 8.7613 acc: 0.5924, f1: 0.6223, precision: 0.6884, recall: 0.5924
INFO:root:test | acc: 0.5808, f1: 0.6116, precision: 0.6744, recall: 0.5808
INFO:root:Inference time for this epoch: 7.48
INFO:root:[valid loss new low] test | acc: 0.5808, f1: 0.6116, recall: 0.5808, precision: 0.6744
INFO:root:[valid f1 new high] valid | acc: 0.5924, f1: 0.6223, recall: 0.5924, precision: 0.6884
 
INFO:root:[test f1 new high] test | acc: 0.5808, f1: 0.6116, recall: 0.5808, precision: 0.6744
 
INFO:root:[best] valid | acc: 0.5924, f1: 0.6223, recall: 0.5924, precision: 0.6884
         test | acc: 0.5808, f1: 0.6116, recall: 0.5808, precision: 0.6744
INFO:root:train | loss: 10.1008 acc: 0.6227, f1: 0.6398
INFO:root:Training time for this epoch: 158.50
INFO:root:valid | loss: 7.0744 acc: 0.6329, f1: 0.6512, precision: 0.6895, recall: 0.6329
INFO:root:test | acc: 0.6233, f1: 0.6431, precision: 0.6829, recall: 0.6233
INFO:root:Inference time for this epoch: 7.16
INFO:root:[valid loss new low] test | acc: 0.6233, f1: 0.6431, recall: 0.6233, precision: 0.6829
INFO:root:[valid f1 new high] valid | acc: 0.6329, f1: 0.6512, recall: 0.6329, precision: 0.6895
 
INFO:root:[test f1 new high] test | acc: 0.6233, f1: 0.6431, recall: 0.6233, precision: 0.6829
 
INFO:root:[best] valid | acc: 0.6329, f1: 0.6512, recall: 0.6329, precision: 0.6895
         test | acc: 0.6233, f1: 0.6431, recall: 0.6233, precision: 0.6829
INFO:root:train | loss: 8.3112 acc: 0.6648, f1: 0.6752
INFO:root:Training time for this epoch: 149.42
INFO:root:valid | loss: 5.7922 acc: 0.6475, f1: 0.6540, precision: 0.6709, recall: 0.6475
INFO:root:test | acc: 0.6421, f1: 0.6513, precision: 0.6706, recall: 0.6421
INFO:root:Inference time for this epoch: 7.08
INFO:root:[valid loss new low] test | acc: 0.6421, f1: 0.6513, recall: 0.6421, precision: 0.6706
INFO:root:[valid f1 new high] valid | acc: 0.6475, f1: 0.6540, recall: 0.6475, precision: 0.6709
 
INFO:root:[test f1 new high] test | acc: 0.6421, f1: 0.6513, recall: 0.6421, precision: 0.6706
 
INFO:root:[best] valid | acc: 0.6475, f1: 0.6540, recall: 0.6475, precision: 0.6709
         test | acc: 0.6421, f1: 0.6513, recall: 0.6421, precision: 0.6706
INFO:root:train | loss: 7.2397 acc: 0.6937, f1: 0.7021
INFO:root:Training time for this epoch: 148.41
INFO:root:valid | loss: 5.8732 acc: 0.6488, f1: 0.6550, precision: 0.6669, recall: 0.6488
INFO:root:test | acc: 0.6555, f1: 0.6613, precision: 0.6739, recall: 0.6555
INFO:root:Inference time for this epoch: 7.15
INFO:root:[valid f1 new high] valid | acc: 0.6488, f1: 0.6550, recall: 0.6488, precision: 0.6669
 
INFO:root:[test f1 new high] test | acc: 0.6555, f1: 0.6613, recall: 0.6555, precision: 0.6739
 
INFO:root:[best] valid | acc: 0.6488, f1: 0.6550, recall: 0.6488, precision: 0.6669
         test | acc: 0.6555, f1: 0.6613, recall: 0.6555, precision: 0.6739
INFO:root:train | loss: 6.2924 acc: 0.7161, f1: 0.7239
INFO:root:Training time for this epoch: 150.97
INFO:root:valid | loss: 5.4682 acc: 0.6536, f1: 0.6613, precision: 0.6764, recall: 0.6536
INFO:root:test | acc: 0.6478, f1: 0.6546, precision: 0.6677, recall: 0.6478
INFO:root:Inference time for this epoch: 7.04
INFO:root:[valid loss new low] test | acc: 0.6478, f1: 0.6546, recall: 0.6478, precision: 0.6677
INFO:root:[valid f1 new high] valid | acc: 0.6536, f1: 0.6613, recall: 0.6536, precision: 0.6764
 
INFO:root:[best] valid | acc: 0.6536, f1: 0.6613, recall: 0.6536, precision: 0.6764
         test | acc: 0.6555, f1: 0.6613, recall: 0.6555, precision: 0.6739
INFO:root:train | loss: 5.4640 acc: 0.7402, f1: 0.7466
INFO:root:Training time for this epoch: 149.67
INFO:root:valid | loss: 6.1091 acc: 0.6519, f1: 0.6545, precision: 0.6660, recall: 0.6519
INFO:root:test | acc: 0.6438, f1: 0.6472, precision: 0.6564, recall: 0.6438
INFO:root:Inference time for this epoch: 7.10
INFO:root:[best] valid | acc: 0.6536, f1: 0.6613, recall: 0.6536, precision: 0.6764
         test | acc: 0.6555, f1: 0.6613, recall: 0.6555, precision: 0.6739
INFO:root:train | loss: 4.6901 acc: 0.7641, f1: 0.7692
INFO:root:Training time for this epoch: 148.81
INFO:root:valid | loss: 5.7607 acc: 0.6560, f1: 0.6610, precision: 0.6720, recall: 0.6560
INFO:root:test | acc: 0.6508, f1: 0.6554, precision: 0.6670, recall: 0.6508
INFO:root:Inference time for this epoch: 7.01
INFO:root:[best] valid | acc: 0.6536, f1: 0.6613, recall: 0.6536, precision: 0.6764
         test | acc: 0.6555, f1: 0.6613, recall: 0.6555, precision: 0.6739
INFO:root:train | loss: 3.8729 acc: 0.7888, f1: 0.7928
INFO:root:Training time for this epoch: 148.80
INFO:root:valid | loss: 6.9788 acc: 0.6394, f1: 0.6458, precision: 0.6660, recall: 0.6394
INFO:root:test | acc: 0.6485, f1: 0.6561, precision: 0.6726, recall: 0.6485
INFO:root:Inference time for this epoch: 7.16
INFO:root:[best] valid | acc: 0.6536, f1: 0.6613, recall: 0.6536, precision: 0.6764
         test | acc: 0.6555, f1: 0.6613, recall: 0.6555, precision: 0.6739
INFO:root:train | loss: 3.2843 acc: 0.8076, f1: 0.8107
INFO:root:Training time for this epoch: 155.62
INFO:root:valid | loss: 6.5602 acc: 0.6441, f1: 0.6476, precision: 0.6554, recall: 0.6441
INFO:root:test | acc: 0.6354, f1: 0.6397, precision: 0.6468, recall: 0.6354
INFO:root:Inference time for this epoch: 8.12
INFO:root:[best] valid | acc: 0.6536, f1: 0.6613, recall: 0.6536, precision: 0.6764
         test | acc: 0.6555, f1: 0.6613, recall: 0.6555, precision: 0.6739
INFO:root:train | loss: 2.6188 acc: 0.8245, f1: 0.8272
INFO:root:Training time for this epoch: 155.90
INFO:root:valid | loss: 7.6155 acc: 0.6404, f1: 0.6460, precision: 0.6578, recall: 0.6404
INFO:root:test | acc: 0.6441, f1: 0.6494, precision: 0.6608, recall: 0.6441
INFO:root:Inference time for this epoch: 7.06
INFO:root:[best] valid | acc: 0.6536, f1: 0.6613, recall: 0.6536, precision: 0.6764
         test | acc: 0.6555, f1: 0.6613, recall: 0.6555, precision: 0.6739
INFO:root:Average training time: 151.64240126609803
INFO:root:Average inference time: 7.236980080604553
INFO:root:Using device cuda:0, seed=1234, training on go_emotion dataset.
INFO:root:train | loss: 18.4785 acc: 0.3880, f1: 0.4041
INFO:root:Training time for this epoch: 208.12
INFO:root:valid | loss: 8.2899 acc: 0.6103, f1: 0.6196, precision: 0.6447, recall: 0.6103
INFO:root:test | acc: 0.5962, f1: 0.6042, precision: 0.6287, recall: 0.5962
INFO:root:Inference time for this epoch: 8.03
INFO:root:[valid loss new low] test | acc: 0.5962, f1: 0.6042, recall: 0.5962, precision: 0.6287
INFO:root:[valid f1 new high] valid | acc: 0.6103, f1: 0.6196, recall: 0.6103, precision: 0.6447
 
INFO:root:[test f1 new high] test | acc: 0.5962, f1: 0.6042, recall: 0.5962, precision: 0.6287
 
INFO:root:[best] valid | acc: 0.6103, f1: 0.6196, recall: 0.6103, precision: 0.6447
         test | acc: 0.5962, f1: 0.6042, recall: 0.5962, precision: 0.6287
INFO:root:train | loss: 11.6471 acc: 0.5642, f1: 0.5770
INFO:root:Training time for this epoch: 217.88
INFO:root:valid | loss: 6.2469 acc: 0.6208, f1: 0.6210, precision: 0.6498, recall: 0.6208
INFO:root:test | acc: 0.6153, f1: 0.6147, precision: 0.6396, recall: 0.6153
INFO:root:Inference time for this epoch: 8.05
INFO:root:[valid loss new low] test | acc: 0.6153, f1: 0.6147, recall: 0.6153, precision: 0.6396
INFO:root:[valid f1 new high] valid | acc: 0.6208, f1: 0.6210, recall: 0.6208, precision: 0.6498
 
INFO:root:[test f1 new high] test | acc: 0.6153, f1: 0.6147, recall: 0.6153, precision: 0.6396
 
INFO:root:[best] valid | acc: 0.6208, f1: 0.6210, recall: 0.6208, precision: 0.6498
         test | acc: 0.6153, f1: 0.6147, recall: 0.6153, precision: 0.6396
INFO:root:train | loss: 10.0028 acc: 0.6041, f1: 0.6144
INFO:root:Training time for this epoch: 216.83
INFO:root:valid | loss: 6.4451 acc: 0.6384, f1: 0.6449, precision: 0.6690, recall: 0.6384
INFO:root:test | acc: 0.6391, f1: 0.6454, precision: 0.6646, recall: 0.6391
INFO:root:Inference time for this epoch: 7.16
INFO:root:[valid f1 new high] valid | acc: 0.6384, f1: 0.6449, recall: 0.6384, precision: 0.6690
 
INFO:root:[test f1 new high] test | acc: 0.6391, f1: 0.6454, recall: 0.6391, precision: 0.6646
 
INFO:root:[best] valid | acc: 0.6384, f1: 0.6449, recall: 0.6384, precision: 0.6690
         test | acc: 0.6391, f1: 0.6454, recall: 0.6391, precision: 0.6646
INFO:root:train | loss: 8.7335 acc: 0.6406, f1: 0.6484
INFO:root:Training time for this epoch: 202.18
INFO:root:valid | loss: 6.2491 acc: 0.6478, f1: 0.6560, precision: 0.6758, recall: 0.6478
INFO:root:test | acc: 0.6431, f1: 0.6502, precision: 0.6643, recall: 0.6431
INFO:root:Inference time for this epoch: 7.25
INFO:root:[valid f1 new high] valid | acc: 0.6478, f1: 0.6560, recall: 0.6478, precision: 0.6758
 
INFO:root:[test f1 new high] test | acc: 0.6431, f1: 0.6502, recall: 0.6431, precision: 0.6643
 
INFO:root:[best] valid | acc: 0.6478, f1: 0.6560, recall: 0.6478, precision: 0.6758
         test | acc: 0.6431, f1: 0.6502, recall: 0.6431, precision: 0.6643
INFO:root:train | loss: 7.6375 acc: 0.6732, f1: 0.6791
INFO:root:Training time for this epoch: 200.64
INFO:root:valid | loss: 7.0933 acc: 0.6225, f1: 0.6174, precision: 0.6299, recall: 0.6225
INFO:root:test | acc: 0.6290, f1: 0.6245, precision: 0.6363, recall: 0.6290
INFO:root:Inference time for this epoch: 7.18
INFO:root:[best] valid | acc: 0.6478, f1: 0.6560, recall: 0.6478, precision: 0.6758
         test | acc: 0.6431, f1: 0.6502, recall: 0.6431, precision: 0.6643
INFO:root:train | loss: 6.4702 acc: 0.7097, f1: 0.7142
INFO:root:Training time for this epoch: 209.18
INFO:root:valid | loss: 5.8791 acc: 0.6414, f1: 0.6427, precision: 0.6515, recall: 0.6414
INFO:root:test | acc: 0.6263, f1: 0.6289, precision: 0.6404, recall: 0.6263
INFO:root:Inference time for this epoch: 7.08
INFO:root:[valid loss new low] test | acc: 0.6263, f1: 0.6289, recall: 0.6263, precision: 0.6404
INFO:root:[best] valid | acc: 0.6478, f1: 0.6560, recall: 0.6478, precision: 0.6758
         test | acc: 0.6431, f1: 0.6502, recall: 0.6431, precision: 0.6643
INFO:root:train | loss: 5.3726 acc: 0.7446, f1: 0.7480
INFO:root:Training time for this epoch: 200.36
INFO:root:valid | loss: 7.1629 acc: 0.6208, f1: 0.6200, precision: 0.6275, recall: 0.6208
INFO:root:test | acc: 0.6139, f1: 0.6131, precision: 0.6184, recall: 0.6139
INFO:root:Inference time for this epoch: 7.13
INFO:root:[best] valid | acc: 0.6478, f1: 0.6560, recall: 0.6478, precision: 0.6758
         test | acc: 0.6431, f1: 0.6502, recall: 0.6431, precision: 0.6643
INFO:root:train | loss: 4.3870 acc: 0.7755, f1: 0.7781
INFO:root:Training time for this epoch: 206.69
INFO:root:valid | loss: 7.0417 acc: 0.6275, f1: 0.6264, precision: 0.6302, recall: 0.6275
INFO:root:test | acc: 0.6170, f1: 0.6154, precision: 0.6189, recall: 0.6170
INFO:root:Inference time for this epoch: 7.95
INFO:root:[best] valid | acc: 0.6478, f1: 0.6560, recall: 0.6478, precision: 0.6758
         test | acc: 0.6431, f1: 0.6502, recall: 0.6431, precision: 0.6643
INFO:root:train | loss: 3.4164 acc: 0.8088, f1: 0.8111
INFO:root:Training time for this epoch: 217.59
INFO:root:valid | loss: 8.7849 acc: 0.6174, f1: 0.6139, precision: 0.6209, recall: 0.6174
INFO:root:test | acc: 0.6163, f1: 0.6132, precision: 0.6159, recall: 0.6163
INFO:root:Inference time for this epoch: 7.90
INFO:root:[best] valid | acc: 0.6478, f1: 0.6560, recall: 0.6478, precision: 0.6758
         test | acc: 0.6431, f1: 0.6502, recall: 0.6431, precision: 0.6643
INFO:root:train | loss: 2.5159 acc: 0.8363, f1: 0.8383
INFO:root:Training time for this epoch: 216.97
INFO:root:valid | loss: 9.0051 acc: 0.6201, f1: 0.6190, precision: 0.6270, recall: 0.6201
INFO:root:test | acc: 0.5999, f1: 0.5998, precision: 0.6088, recall: 0.5999
INFO:root:Inference time for this epoch: 8.13
INFO:root:[best] valid | acc: 0.6478, f1: 0.6560, recall: 0.6478, precision: 0.6758
         test | acc: 0.6431, f1: 0.6502, recall: 0.6431, precision: 0.6643
INFO:root:Average training time: 209.64329900741578
INFO:root:Average inference time: 7.585910534858703
